useradd: invalid user name ''
chpasswd: (user ) pam_chauthtok() failed, error:
Authentication token manipulation error
chpasswd: (line 1, user ) password not changed
2024-07-03 19:02:14 - Failed to create user ''.
useradd: user 'grace' already exists
2024-07-03 19:02:14 - User 'grace' created with groups: testers. Password stored in /var/secure/user_passwords.txt.
useradd: user 'henry' already exists
2024-07-03 19:02:14 - User 'henry' created with groups: operations. Password stored in /var/secure/user_passwords.txt.
useradd: user 'isabelle' already exists
2024-07-03 19:02:14 - User 'isabelle' created with groups: support. Password stored in /var/secure/user_passwords.txt.
useradd: user 'jack' already exists
2024-07-03 19:02:14 - User 'jack' created with groups: security. Password stored in /var/secure/user_passwords.txt.
useradd: user 'kate' already exists
2024-07-03 19:02:14 - User 'kate' created with groups: developers,operations. Password stored in /var/secure/user_passwords.txt.
useradd: user 'leo' already exists
2024-07-03 19:02:14 - User 'leo' created with groups: engineers,testers. Password stored in /var/secure/user_passwords.txt.
useradd: user 'megan' already exists
2024-07-03 19:02:14 - User 'megan' created with groups: designers,support. Password stored in /var/secure/user_passwords.txt.
useradd: user 'nathan' already exists
2024-07-03 19:02:14 - User 'nathan' created with groups: developers,security. Password stored in /var/secure/user_passwords.txt.
useradd: user 'olivia' already exists
2024-07-03 19:02:14 - User 'olivia' created with groups: admins,managers. Password stored in /var/secure/user_passwords.txt.
useradd: user 'peter' already exists
2024-07-03 19:02:14 - User 'peter' created with groups: operations,support. Password stored in /var/secure/user_passwords.txt.
2024-07-03 19:02:14 - User creation process completed.
